0 verbose cli [
0 verbose cli   '/home/node/local/node-v16.15.0-linux-x64/bin/node',
0 verbose cli   '/home/node/local/node-v16.15.0-linux-x64/bin/npm',
0 verbose cli   'i',
0 verbose cli   'express'
0 verbose cli ]
1 info using npm@8.5.5
2 info using node@v16.15.0
3 timing npm:load:whichnode Completed in 0ms
4 timing config:load:defaults Completed in 2ms
5 timing config:load:file:/home/node/local/node-v16.15.0-linux-x64/lib/node_modules/npm/npmrc Completed in 15ms
6 timing config:load:builtin Completed in 15ms
7 timing config:load:cli Completed in 2ms
8 timing config:load:env Completed in 0ms
9 timing config:load:file:/home/node/api/.npmrc Completed in 0ms
10 timing config:load:project Completed in 7ms
11 timing config:load:file:/home/node/.npmrc Completed in 1ms
12 timing config:load:user Completed in 1ms
13 timing config:load:file:/home/node/local/node-v16.15.0-linux-x64/etc/npmrc Completed in 0ms
14 timing config:load:global Completed in 0ms
15 timing config:load:validate Completed in 0ms
16 timing config:load:credentials Completed in 1ms
17 timing config:load:setEnvs Completed in 1ms
18 timing config:load Completed in 30ms
19 timing npm:load:configload Completed in 30ms
20 timing npm:load:setTitle Completed in 0ms
21 timing config:load:flatten Completed in 4ms
22 timing npm:load:display Completed in 6ms
23 verbose logfile /home/node/.npm/_logs/2024-01-22T11_57_52_078Z-debug-0.log
24 timing npm:load:logFile Completed in 5ms
25 timing npm:load:timers Completed in 0ms
26 timing npm:load:configScope Completed in 0ms
27 timing npm:load Completed in 43ms
28 timing arborist:ctor Completed in 1ms
29 timing arborist:ctor Completed in 0ms
30 timing idealTree:init Completed in 18ms
31 timing idealTree:userRequests Completed in 2ms
32 silly idealTree buildDeps
33 silly fetch manifest express@*
34 http fetch GET 200 https://registry.npmjs.org/express 67ms (cache miss)
35 silly placeDep ROOT express@4.18.2 OK for: api@1.0.0 want: *
36 silly fetch manifest accepts@~1.3.8
37 silly fetch manifest array-flatten@1.1.1
38 silly fetch manifest body-parser@1.20.1
39 silly fetch manifest content-disposition@0.5.4
40 silly fetch manifest content-type@~1.0.4
41 silly fetch manifest cookie@0.5.0
42 silly fetch manifest cookie-signature@1.0.6
43 silly fetch manifest debug@2.6.9
44 silly fetch manifest depd@2.0.0
45 silly fetch manifest encodeurl@~1.0.2
46 silly fetch manifest escape-html@~1.0.3
47 silly fetch manifest etag@~1.8.1
48 silly fetch manifest finalhandler@1.2.0
49 silly fetch manifest fresh@0.5.2
50 silly fetch manifest http-errors@2.0.0
51 silly fetch manifest merge-descriptors@1.0.1
52 silly fetch manifest methods@~1.1.2
53 silly fetch manifest on-finished@2.4.1
54 silly fetch manifest parseurl@~1.3.3
55 silly fetch manifest path-to-regexp@0.1.7
56 silly fetch manifest proxy-addr@~2.0.7
57 silly fetch manifest qs@6.11.0
58 silly fetch manifest range-parser@~1.2.1
59 silly fetch manifest safe-buffer@5.2.1
60 silly fetch manifest send@0.18.0
61 silly fetch manifest serve-static@1.15.0
62 silly fetch manifest setprototypeof@1.2.0
63 silly fetch manifest statuses@2.0.1
64 silly fetch manifest type-is@~1.6.18
65 silly fetch manifest utils-merge@1.0.1
66 silly fetch manifest vary@~1.1.2
67 http fetch GET 200 https://registry.npmjs.org/array-flatten 101ms (cache miss)
68 http fetch GET 200 https://registry.npmjs.org/accepts 103ms (cache miss)
69 http fetch GET 200 https://registry.npmjs.org/methods 240ms (cache miss)
70 http fetch GET 200 https://registry.npmjs.org/merge-descriptors 244ms (cache miss)
71 http fetch GET 200 https://registry.npmjs.org/escape-html 262ms (cache miss)
72 http fetch GET 200 https://registry.npmjs.org/content-disposition 267ms (cache miss)
73 http fetch GET 200 https://registry.npmjs.org/on-finished 263ms (cache miss)
74 http fetch GET 200 https://registry.npmjs.org/encodeurl 267ms (cache miss)
75 http fetch GET 200 https://registry.npmjs.org/parseurl 263ms (cache miss)
76 http fetch GET 200 https://registry.npmjs.org/etag 271ms (cache miss)
77 http fetch GET 200 https://registry.npmjs.org/content-type 277ms (cache miss)
78 http fetch GET 200 https://registry.npmjs.org/fresh 273ms (cache miss)
79 http fetch GET 200 https://registry.npmjs.org/utils-merge 261ms (cache miss)
80 http fetch GET 200 https://registry.npmjs.org/cookie 279ms (cache miss)
81 http fetch GET 200 https://registry.npmjs.org/depd 278ms (cache miss)
82 http fetch GET 200 https://registry.npmjs.org/cookie-signature 280ms (cache miss)
83 http fetch GET 200 https://registry.npmjs.org/range-parser 268ms (cache miss)
84 http fetch GET 200 https://registry.npmjs.org/vary 263ms (cache miss)
85 http fetch GET 200 https://registry.npmjs.org/safe-buffer 269ms (cache miss)
86 http fetch GET 200 https://registry.npmjs.org/setprototypeof 268ms (cache miss)
87 http fetch GET 200 https://registry.npmjs.org/statuses 268ms (cache miss)
88 http fetch GET 200 https://registry.npmjs.org/finalhandler 281ms (cache miss)
89 http fetch GET 200 https://registry.npmjs.org/http-errors 282ms (cache miss)
90 http fetch GET 200 https://registry.npmjs.org/proxy-addr 279ms (cache miss)
91 http fetch GET 200 https://registry.npmjs.org/type-is 272ms (cache miss)
92 http fetch GET 200 https://registry.npmjs.org/body-parser 294ms (cache miss)
93 http fetch GET 200 https://registry.npmjs.org/send 280ms (cache miss)
94 http fetch GET 200 https://registry.npmjs.org/serve-static 281ms (cache miss)
95 http fetch GET 200 https://registry.npmjs.org/path-to-regexp 290ms (cache miss)
96 http fetch GET 200 https://registry.npmjs.org/debug 297ms (cache miss)
97 http fetch GET 200 https://registry.npmjs.org/qs 291ms (cache miss)
98 timing idealTree:#root Completed in 390ms
99 silly placeDep ROOT accepts@1.3.8 OK for: express@4.18.2 want: ~1.3.8
100 silly placeDep ROOT array-flatten@1.1.1 OK for: express@4.18.2 want: 1.1.1
101 silly placeDep ROOT body-parser@1.20.1 OK for: express@4.18.2 want: 1.20.1
102 silly placeDep ROOT content-disposition@0.5.4 OK for: express@4.18.2 want: 0.5.4
103 silly placeDep ROOT content-type@1.0.5 OK for: express@4.18.2 want: ~1.0.4
104 silly placeDep ROOT cookie@0.5.0 OK for: express@4.18.2 want: 0.5.0
105 silly placeDep ROOT cookie-signature@1.0.6 OK for: express@4.18.2 want: 1.0.6
106 silly placeDep ROOT debug@2.6.9 OK for: express@4.18.2 want: 2.6.9
107 silly placeDep ROOT depd@2.0.0 OK for: express@4.18.2 want: 2.0.0
108 silly placeDep ROOT encodeurl@1.0.2 OK for: express@4.18.2 want: ~1.0.2
109 silly placeDep ROOT escape-html@1.0.3 OK for: express@4.18.2 want: ~1.0.3
110 silly placeDep ROOT etag@1.8.1 OK for: express@4.18.2 want: ~1.8.1
111 silly placeDep ROOT finalhandler@1.2.0 OK for: express@4.18.2 want: 1.2.0
112 silly placeDep ROOT fresh@0.5.2 OK for: express@4.18.2 want: 0.5.2
113 silly placeDep ROOT http-errors@2.0.0 OK for: express@4.18.2 want: 2.0.0
114 silly placeDep ROOT merge-descriptors@1.0.1 OK for: express@4.18.2 want: 1.0.1
115 silly placeDep ROOT methods@1.1.2 OK for: express@4.18.2 want: ~1.1.2
116 silly placeDep ROOT on-finished@2.4.1 OK for: express@4.18.2 want: 2.4.1
117 silly placeDep ROOT parseurl@1.3.3 OK for: express@4.18.2 want: ~1.3.3
118 silly placeDep ROOT path-to-regexp@0.1.7 OK for: express@4.18.2 want: 0.1.7
119 silly placeDep ROOT proxy-addr@2.0.7 OK for: express@4.18.2 want: ~2.0.7
120 silly placeDep ROOT qs@6.11.0 OK for: express@4.18.2 want: 6.11.0
121 silly placeDep ROOT range-parser@1.2.1 OK for: express@4.18.2 want: ~1.2.1
122 silly placeDep ROOT safe-buffer@5.2.1 OK for: express@4.18.2 want: 5.2.1
123 silly placeDep ROOT send@0.18.0 OK for: express@4.18.2 want: 0.18.0
124 silly placeDep ROOT serve-static@1.15.0 OK for: express@4.18.2 want: 1.15.0
125 silly placeDep ROOT setprototypeof@1.2.0 OK for: express@4.18.2 want: 1.2.0
126 silly placeDep ROOT statuses@2.0.1 OK for: express@4.18.2 want: 2.0.1
127 silly placeDep ROOT type-is@1.6.18 OK for: express@4.18.2 want: ~1.6.18
128 silly placeDep ROOT utils-merge@1.0.1 OK for: express@4.18.2 want: 1.0.1
129 silly placeDep ROOT vary@1.1.2 OK for: express@4.18.2 want: ~1.1.2
130 silly fetch manifest mime-types@~2.1.34
131 silly fetch manifest negotiator@0.6.3
132 silly fetch manifest bytes@3.1.2
133 silly fetch manifest destroy@1.2.0
134 silly fetch manifest iconv-lite@0.4.24
135 silly fetch manifest raw-body@2.5.1
136 silly fetch manifest unpipe@1.0.0
137 silly fetch manifest ms@2.0.0
138 silly fetch manifest unpipe@~1.0.0
139 silly fetch manifest inherits@2.0.4
140 silly fetch manifest toidentifier@1.0.1
141 silly fetch manifest ee-first@1.1.1
142 silly fetch manifest forwarded@0.2.0
143 silly fetch manifest ipaddr.js@1.9.1
144 silly fetch manifest side-channel@^1.0.4
145 silly fetch manifest mime@1.6.0
146 silly fetch manifest ms@2.1.3
147 silly fetch manifest media-typer@0.3.0
148 silly fetch manifest mime-types@~2.1.24
149 http fetch GET 200 https://registry.npmjs.org/npm 644ms (cache miss)
150 http fetch GET 200 https://registry.npmjs.org/ee-first 162ms (cache miss)
151 http fetch GET 200 https://registry.npmjs.org/destroy 171ms (cache miss)
152 http fetch GET 200 https://registry.npmjs.org/unpipe 168ms (cache miss)
153 http fetch GET 200 https://registry.npmjs.org/inherits 166ms (cache miss)
154 http fetch GET 200 https://registry.npmjs.org/side-channel 162ms (cache miss)
155 http fetch GET 200 https://registry.npmjs.org/forwarded 165ms (cache miss)
156 http fetch GET 200 https://registry.npmjs.org/toidentifier 168ms (cache miss)
157 http fetch GET 200 https://registry.npmjs.org/media-typer 163ms (cache miss)
158 http fetch GET 200 https://registry.npmjs.org/negotiator 178ms (cache miss)
159 http fetch GET 200 https://registry.npmjs.org/ms 173ms (cache miss)
160 http fetch GET 200 https://registry.npmjs.org/bytes 179ms (cache miss)
161 http fetch GET 200 https://registry.npmjs.org/ipaddr.js 169ms (cache miss)
162 http fetch GET 200 https://registry.npmjs.org/mime-types 183ms (cache miss)
163 http fetch GET 200 https://registry.npmjs.org/iconv-lite 181ms (cache miss)
164 http fetch GET 200 https://registry.npmjs.org/raw-body 181ms (cache miss)
165 http fetch GET 200 https://registry.npmjs.org/mime 171ms (cache miss)
166 timing idealTree:node_modules/express Completed in 257ms
167 silly placeDep ROOT mime-types@2.1.35 OK for: accepts@1.3.8 want: ~2.1.34
168 silly placeDep ROOT negotiator@0.6.3 OK for: accepts@1.3.8 want: 0.6.3
169 silly fetch manifest mime-db@1.52.0
170 http fetch GET 200 https://registry.npmjs.org/mime-db 55ms (cache miss)
171 timing idealTree:node_modules/accepts Completed in 63ms
172 timing idealTree:node_modules/array-flatten Completed in 1ms
173 silly placeDep ROOT bytes@3.1.2 OK for: body-parser@1.20.1 want: 3.1.2
174 silly placeDep ROOT destroy@1.2.0 OK for: body-parser@1.20.1 want: 1.2.0
175 silly placeDep ROOT iconv-lite@0.4.24 OK for: body-parser@1.20.1 want: 0.4.24
176 silly placeDep ROOT raw-body@2.5.1 OK for: body-parser@1.20.1 want: 2.5.1
177 silly placeDep ROOT unpipe@1.0.0 OK for: body-parser@1.20.1 want: 1.0.0
178 silly fetch manifest safer-buffer@>= 2.1.2 < 3
179 http fetch GET 200 https://registry.npmjs.org/safer-buffer 24ms (cache miss)
180 timing idealTree:node_modules/body-parser Completed in 41ms
181 timing idealTree:node_modules/bytes Completed in 0ms
182 timing idealTree:node_modules/content-disposition Completed in 0ms
183 timing idealTree:node_modules/content-type Completed in 0ms
184 timing idealTree:node_modules/cookie Completed in 0ms
185 timing idealTree:node_modules/cookie-signature Completed in 0ms
186 silly placeDep ROOT ms@2.0.0 OK for: debug@2.6.9 want: 2.0.0
187 timing idealTree:node_modules/debug Completed in 2ms
188 timing idealTree:node_modules/depd Completed in 0ms
189 timing idealTree:node_modules/destroy Completed in 0ms
190 timing idealTree:node_modules/encodeurl Completed in 0ms
191 timing idealTree:node_modules/escape-html Completed in 0ms
192 timing idealTree:node_modules/etag Completed in 0ms
193 timing idealTree:node_modules/finalhandler Completed in 0ms
194 timing idealTree:node_modules/fresh Completed in 0ms
195 silly placeDep ROOT inherits@2.0.4 OK for: http-errors@2.0.0 want: 2.0.4
196 silly placeDep ROOT toidentifier@1.0.1 OK for: http-errors@2.0.0 want: 1.0.1
197 timing idealTree:node_modules/http-errors Completed in 2ms
198 silly placeDep ROOT safer-buffer@2.1.2 OK for: iconv-lite@0.4.24 want: >= 2.1.2 < 3
199 timing idealTree:node_modules/iconv-lite Completed in 2ms
200 timing idealTree:node_modules/inherits Completed in 0ms
201 timing idealTree:node_modules/merge-descriptors Completed in 0ms
202 timing idealTree:node_modules/methods Completed in 0ms
203 silly placeDep ROOT mime-db@1.52.0 OK for: mime-types@2.1.35 want: 1.52.0
204 timing idealTree:node_modules/mime-types Completed in 3ms
205 timing idealTree:node_modules/mime-db Completed in 0ms
206 timing idealTree:node_modules/ms Completed in 0ms
207 timing idealTree:node_modules/negotiator Completed in 0ms
208 silly placeDep ROOT ee-first@1.1.1 OK for: on-finished@2.4.1 want: 1.1.1
209 timing idealTree:node_modules/on-finished Completed in 1ms
210 timing idealTree:node_modules/ee-first Completed in 0ms
211 timing idealTree:node_modules/parseurl Completed in 0ms
212 timing idealTree:node_modules/path-to-regexp Completed in 0ms
213 silly placeDep ROOT forwarded@0.2.0 OK for: proxy-addr@2.0.7 want: 0.2.0
214 silly placeDep ROOT ipaddr.js@1.9.1 OK for: proxy-addr@2.0.7 want: 1.9.1
215 timing idealTree:node_modules/proxy-addr Completed in 2ms
216 timing idealTree:node_modules/forwarded Completed in 1ms
217 timing idealTree:node_modules/ipaddr.js Completed in 0ms
218 silly placeDep ROOT side-channel@1.0.4 OK for: qs@6.11.0 want: ^1.0.4
219 silly fetch manifest call-bind@^1.0.0
220 silly fetch manifest get-intrinsic@^1.0.2
221 silly fetch manifest object-inspect@^1.9.0
222 http fetch GET 200 https://registry.npmjs.org/call-bind 33ms (cache miss)
223 http fetch GET 200 https://registry.npmjs.org/get-intrinsic 35ms (cache miss)
224 http fetch GET 200 https://registry.npmjs.org/object-inspect 35ms (cache miss)
225 timing idealTree:node_modules/qs Completed in 38ms
226 timing idealTree:node_modules/range-parser Completed in 0ms
227 timing idealTree:node_modules/raw-body Completed in 0ms
228 timing idealTree:node_modules/safe-buffer Completed in 0ms
229 timing idealTree:node_modules/safer-buffer Completed in 0ms
230 silly placeDep ROOT mime@1.6.0 OK for: send@0.18.0 want: 1.6.0
231 silly placeDep node_modules/send ms@2.1.3 OK for: send@0.18.0 want: 2.1.3
232 timing idealTree:node_modules/send Completed in 4ms
233 timing idealTree:node_modules/mime Completed in 0ms
234 timing idealTree:node_modules/serve-static Completed in 0ms
235 timing idealTree:node_modules/setprototypeof Completed in 0ms
236 silly placeDep ROOT call-bind@1.0.5 OK for: side-channel@1.0.4 want: ^1.0.0
237 silly placeDep ROOT get-intrinsic@1.2.2 OK for: side-channel@1.0.4 want: ^1.0.2
238 silly placeDep ROOT object-inspect@1.13.1 OK for: side-channel@1.0.4 want: ^1.9.0
239 silly fetch manifest function-bind@^1.1.2
240 silly fetch manifest set-function-length@^1.1.1
241 silly fetch manifest has-proto@^1.0.1
242 silly fetch manifest has-symbols@^1.0.3
243 silly fetch manifest hasown@^2.0.0
244 http fetch GET 200 https://registry.npmjs.org/has-proto 32ms (cache miss)
245 http fetch GET 200 https://registry.npmjs.org/function-bind 40ms (cache miss)
246 http fetch GET 200 https://registry.npmjs.org/has-symbols 41ms (cache miss)
247 http fetch GET 200 https://registry.npmjs.org/set-function-length 44ms (cache miss)
248 http fetch GET 200 https://registry.npmjs.org/hasown 41ms (cache miss)
249 timing idealTree:node_modules/side-channel Completed in 64ms
250 silly placeDep ROOT function-bind@1.1.2 OK for: call-bind@1.0.5 want: ^1.1.2
251 silly placeDep ROOT set-function-length@1.2.0 OK for: call-bind@1.0.5 want: ^1.1.1
252 silly fetch manifest define-data-property@^1.1.1
253 silly fetch manifest gopd@^1.0.1
254 silly fetch manifest has-property-descriptors@^1.0.1
255 http fetch GET 200 https://registry.npmjs.org/gopd 27ms (cache miss)
256 http fetch GET 200 https://registry.npmjs.org/define-data-property 29ms (cache miss)
257 http fetch GET 200 https://registry.npmjs.org/has-property-descriptors 57ms (cache miss)
258 timing idealTree:node_modules/call-bind Completed in 62ms
259 timing idealTree:node_modules/function-bind Completed in 0ms
260 silly placeDep ROOT has-proto@1.0.1 OK for: get-intrinsic@1.2.2 want: ^1.0.1
261 silly placeDep ROOT has-symbols@1.0.3 OK for: get-intrinsic@1.2.2 want: ^1.0.3
262 silly placeDep ROOT hasown@2.0.0 OK for: get-intrinsic@1.2.2 want: ^2.0.0
263 timing idealTree:node_modules/get-intrinsic Completed in 4ms
264 timing idealTree:node_modules/has-proto Completed in 0ms
265 timing idealTree:node_modules/has-symbols Completed in 0ms
266 timing idealTree:node_modules/hasown Completed in 0ms
267 timing idealTree:node_modules/object-inspect Completed in 0ms
268 silly placeDep ROOT define-data-property@1.1.1 OK for: set-function-length@1.2.0 want: ^1.1.1
269 silly placeDep ROOT gopd@1.0.1 OK for: set-function-length@1.2.0 want: ^1.0.1
270 silly placeDep ROOT has-property-descriptors@1.0.1 OK for: set-function-length@1.2.0 want: ^1.0.1
271 timing idealTree:node_modules/set-function-length Completed in 4ms
272 timing idealTree:node_modules/define-data-property Completed in 0ms
273 timing idealTree:node_modules/gopd Completed in 0ms
274 timing idealTree:node_modules/has-property-descriptors Completed in 0ms
275 timing idealTree:node_modules/statuses Completed in 0ms
276 timing idealTree:node_modules/toidentifier Completed in 0ms
277 silly placeDep ROOT media-typer@0.3.0 OK for: type-is@1.6.18 want: 0.3.0
278 timing idealTree:node_modules/type-is Completed in 1ms
279 timing idealTree:node_modules/media-typer Completed in 0ms
280 timing idealTree:node_modules/unpipe Completed in 0ms
281 timing idealTree:node_modules/utils-merge Completed in 0ms
282 timing idealTree:node_modules/vary Completed in 0ms
283 timing idealTree:node_modules/send/node_modules/ms Completed in 0ms
284 timing idealTree:buildDeps Completed in 949ms
285 timing idealTree:fixDepFlags Completed in 1ms
286 timing idealTree Completed in 972ms
287 timing reify:loadTrees Completed in 974ms
288 timing reify:diffTrees Completed in 3ms
289 silly reify moves {}
290 timing reify:retireShallow Completed in 3ms
291 timing reify:createSparse Completed in 16ms
292 timing reify:loadBundles Completed in 0ms
293 silly audit bulk request {
293 silly audit   express: [ '4.18.2' ],
293 silly audit   accepts: [ '1.3.8' ],
293 silly audit   'array-flatten': [ '1.1.1' ],
293 silly audit   'body-parser': [ '1.20.1' ],
293 silly audit   'content-disposition': [ '0.5.4' ],
293 silly audit   'content-type': [ '1.0.5' ],
293 silly audit   cookie: [ '0.5.0' ],
293 silly audit   'cookie-signature': [ '1.0.6' ],
293 silly audit   debug: [ '2.6.9' ],
293 silly audit   depd: [ '2.0.0' ],
293 silly audit   encodeurl: [ '1.0.2' ],
293 silly audit   'escape-html': [ '1.0.3' ],
293 silly audit   etag: [ '1.8.1' ],
293 silly audit   finalhandler: [ '1.2.0' ],
293 silly audit   fresh: [ '0.5.2' ],
293 silly audit   'http-errors': [ '2.0.0' ],
293 silly audit   'merge-descriptors': [ '1.0.1' ],
293 silly audit   methods: [ '1.1.2' ],
293 silly audit   'on-finished': [ '2.4.1' ],
293 silly audit   parseurl: [ '1.3.3' ],
293 silly audit   'path-to-regexp': [ '0.1.7' ],
293 silly audit   'proxy-addr': [ '2.0.7' ],
293 silly audit   qs: [ '6.11.0' ],
293 silly audit   'range-parser': [ '1.2.1' ],
293 silly audit   'safe-buffer': [ '5.2.1' ],
293 silly audit   send: [ '0.18.0' ],
293 silly audit   'serve-static': [ '1.15.0' ],
293 silly audit   setprototypeof: [ '1.2.0' ],
293 silly audit   statuses: [ '2.0.1' ],
293 silly audit   'type-is': [ '1.6.18' ],
293 silly audit   'utils-merge': [ '1.0.1' ],
293 silly audit   vary: [ '1.1.2' ],
293 silly audit   'mime-types': [ '2.1.35' ],
293 silly audit   negotiator: [ '0.6.3' ],
293 silly audit   bytes: [ '3.1.2' ],
293 silly audit   destroy: [ '1.2.0' ],
293 silly audit   'iconv-lite': [ '0.4.24' ],
293 silly audit   'raw-body': [ '2.5.1' ],
293 silly audit   unpipe: [ '1.0.0' ],
293 silly audit   ms: [ '2.0.0', '2.1.3' ],
293 silly audit   inherits: [ '2.0.4' ],
293 silly audit   toidentifier: [ '1.0.1' ],
293 silly audit   'safer-buffer': [ '2.1.2' ],
293 silly audit   'mime-db': [ '1.52.0' ],
293 silly audit   'ee-first': [ '1.1.1' ],
293 silly audit   forwarded: [ '0.2.0' ],
293 silly audit   'ipaddr.js': [ '1.9.1' ],
293 silly audit   'side-channel': [ '1.0.4' ],
293 silly audit   mime: [ '1.6.0' ],
293 silly audit   'call-bind': [ '1.0.5' ],
293 silly audit   'get-intrinsic': [ '1.2.2' ],
293 silly audit   'object-inspect': [ '1.13.1' ],
293 silly audit   'function-bind': [ '1.1.2' ],
293 silly audit   'set-function-length': [ '1.2.0' ],
293 silly audit   'has-proto': [ '1.0.1' ],
293 silly audit   'has-symbols': [ '1.0.3' ],
293 silly audit   hasown: [ '2.0.0' ],
293 silly audit   'define-data-property': [ '1.1.1' ],
293 silly audit   gopd: [ '1.0.1' ],
293 silly audit   'has-property-descriptors': [ '1.0.1' ],
293 silly audit   'media-typer': [ '0.3.0' ]
293 silly audit }
294 silly tarball no local data for media-typer@https://registry.npmjs.org/media-typer/-/media-typer-0.3.0.tgz. Extracting by manifest.
295 silly tarball no local data for has-property-descriptors@https://registry.npmjs.org/has-property-descriptors/-/has-property-descriptors-1.0.1.tgz. Extracting by manifest.
296 silly tarball no local data for gopd@https://registry.npmjs.org/gopd/-/gopd-1.0.1.tgz. Extracting by manifest.
297 silly tarball no local data for define-data-property@https://registry.npmjs.org/define-data-property/-/define-data-property-1.1.1.tgz. Extracting by manifest.
298 silly tarball no local data for hasown@https://registry.npmjs.org/hasown/-/hasown-2.0.0.tgz. Extracting by manifest.
299 silly tarball no local data for has-symbols@https://registry.npmjs.org/has-symbols/-/has-symbols-1.0.3.tgz. Extracting by manifest.
300 silly tarball no local data for has-proto@https://registry.npmjs.org/has-proto/-/has-proto-1.0.1.tgz. Extracting by manifest.
301 silly tarball no local data for set-function-length@https://registry.npmjs.org/set-function-length/-/set-function-length-1.2.0.tgz. Extracting by manifest.
302 silly tarball no local data for function-bind@https://registry.npmjs.org/function-bind/-/function-bind-1.1.2.tgz. Extracting by manifest.
303 silly tarball no local data for object-inspect@https://registry.npmjs.org/object-inspect/-/object-inspect-1.13.1.tgz. Extracting by manifest.
304 silly tarball no local data for get-intrinsic@https://registry.npmjs.org/get-intrinsic/-/get-intrinsic-1.2.2.tgz. Extracting by manifest.
305 silly tarball no local data for call-bind@https://registry.npmjs.org/call-bind/-/call-bind-1.0.5.tgz. Extracting by manifest.
306 silly tarball no local data for mime@https://registry.npmjs.org/mime/-/mime-1.6.0.tgz. Extracting by manifest.
307 silly tarball no local data for side-channel@https://registry.npmjs.org/side-channel/-/side-channel-1.0.4.tgz. Extracting by manifest.
308 silly tarball no local data for ipaddr.js@https://registry.npmjs.org/ipaddr.js/-/ipaddr.js-1.9.1.tgz. Extracting by manifest.
309 silly tarball no local data for forwarded@https://registry.npmjs.org/forwarded/-/forwarded-0.2.0.tgz. Extracting by manifest.
310 silly tarball no local data for ee-first@https://registry.npmjs.org/ee-first/-/ee-first-1.1.1.tgz. Extracting by manifest.
311 silly tarball no local data for mime-db@https://registry.npmjs.org/mime-db/-/mime-db-1.52.0.tgz. Extracting by manifest.
312 silly tarball no local data for safer-buffer@https://registry.npmjs.org/safer-buffer/-/safer-buffer-2.1.2.tgz. Extracting by manifest.
313 silly tarball no local data for toidentifier@https://registry.npmjs.org/toidentifier/-/toidentifier-1.0.1.tgz. Extracting by manifest.
314 silly tarball no local data for inherits@https://registry.npmjs.org/inherits/-/inherits-2.0.4.tgz. Extracting by manifest.
315 silly tarball no local data for ms@https://registry.npmjs.org/ms/-/ms-2.0.0.tgz. Extracting by manifest.
316 silly tarball no local data for unpipe@https://registry.npmjs.org/unpipe/-/unpipe-1.0.0.tgz. Extracting by manifest.
317 silly tarball no local data for raw-body@https://registry.npmjs.org/raw-body/-/raw-body-2.5.1.tgz. Extracting by manifest.
318 silly tarball no local data for iconv-lite@https://registry.npmjs.org/iconv-lite/-/iconv-lite-0.4.24.tgz. Extracting by manifest.
319 silly tarball no local data for destroy@https://registry.npmjs.org/destroy/-/destroy-1.2.0.tgz. Extracting by manifest.
320 silly tarball no local data for bytes@https://registry.npmjs.org/bytes/-/bytes-3.1.2.tgz. Extracting by manifest.
321 silly tarball no local data for negotiator@https://registry.npmjs.org/negotiator/-/negotiator-0.6.3.tgz. Extracting by manifest.
322 silly tarball no local data for mime-types@https://registry.npmjs.org/mime-types/-/mime-types-2.1.35.tgz. Extracting by manifest.
323 silly tarball no local data for vary@https://registry.npmjs.org/vary/-/vary-1.1.2.tgz. Extracting by manifest.
324 silly tarball no local data for utils-merge@https://registry.npmjs.org/utils-merge/-/utils-merge-1.0.1.tgz. Extracting by manifest.
325 silly tarball no local data for type-is@https://registry.npmjs.org/type-is/-/type-is-1.6.18.tgz. Extracting by manifest.
326 silly tarball no local data for statuses@https://registry.npmjs.org/statuses/-/statuses-2.0.1.tgz. Extracting by manifest.
327 silly tarball no local data for setprototypeof@https://registry.npmjs.org/setprototypeof/-/setprototypeof-1.2.0.tgz. Extracting by manifest.
328 silly tarball no local data for serve-static@https://registry.npmjs.org/serve-static/-/serve-static-1.15.0.tgz. Extracting by manifest.
329 silly tarball no local data for send@https://registry.npmjs.org/send/-/send-0.18.0.tgz. Extracting by manifest.
330 silly tarball no local data for safe-buffer@https://registry.npmjs.org/safe-buffer/-/safe-buffer-5.2.1.tgz. Extracting by manifest.
331 silly tarball no local data for range-parser@https://registry.npmjs.org/range-parser/-/range-parser-1.2.1.tgz. Extracting by manifest.
332 silly tarball no local data for qs@https://registry.npmjs.org/qs/-/qs-6.11.0.tgz. Extracting by manifest.
333 silly tarball no local data for proxy-addr@https://registry.npmjs.org/proxy-addr/-/proxy-addr-2.0.7.tgz. Extracting by manifest.
334 silly tarball no local data for path-to-regexp@https://registry.npmjs.org/path-to-regexp/-/path-to-regexp-0.1.7.tgz. Extracting by manifest.
335 silly tarball no local data for parseurl@https://registry.npmjs.org/parseurl/-/parseurl-1.3.3.tgz. Extracting by manifest.
336 silly tarball no local data for on-finished@https://registry.npmjs.org/on-finished/-/on-finished-2.4.1.tgz. Extracting by manifest.
337 silly tarball no local data for methods@https://registry.npmjs.org/methods/-/methods-1.1.2.tgz. Extracting by manifest.
338 silly tarball no local data for merge-descriptors@https://registry.npmjs.org/merge-descriptors/-/merge-descriptors-1.0.1.tgz. Extracting by manifest.
339 silly tarball no local data for http-errors@https://registry.npmjs.org/http-errors/-/http-errors-2.0.0.tgz. Extracting by manifest.
340 silly tarball no local data for fresh@https://registry.npmjs.org/fresh/-/fresh-0.5.2.tgz. Extracting by manifest.
341 silly tarball no local data for finalhandler@https://registry.npmjs.org/finalhandler/-/finalhandler-1.2.0.tgz. Extracting by manifest.
342 silly tarball no local data for etag@https://registry.npmjs.org/etag/-/etag-1.8.1.tgz. Extracting by manifest.
343 silly tarball no local data for escape-html@https://registry.npmjs.org/escape-html/-/escape-html-1.0.3.tgz. Extracting by manifest.
344 silly tarball no local data for encodeurl@https://registry.npmjs.org/encodeurl/-/encodeurl-1.0.2.tgz. Extracting by manifest.
345 silly tarball no local data for depd@https://registry.npmjs.org/depd/-/depd-2.0.0.tgz. Extracting by manifest.
346 silly tarball no local data for debug@https://registry.npmjs.org/debug/-/debug-2.6.9.tgz. Extracting by manifest.
347 silly tarball no local data for cookie-signature@https://registry.npmjs.org/cookie-signature/-/cookie-signature-1.0.6.tgz. Extracting by manifest.
348 silly tarball no local data for cookie@https://registry.npmjs.org/cookie/-/cookie-0.5.0.tgz. Extracting by manifest.
349 silly tarball no local data for content-type@https://registry.npmjs.org/content-type/-/content-type-1.0.5.tgz. Extracting by manifest.
350 silly tarball no local data for content-disposition@https://registry.npmjs.org/content-disposition/-/content-disposition-0.5.4.tgz. Extracting by manifest.
351 silly tarball no local data for body-parser@https://registry.npmjs.org/body-parser/-/body-parser-1.20.1.tgz. Extracting by manifest.
352 silly tarball no local data for array-flatten@https://registry.npmjs.org/array-flatten/-/array-flatten-1.1.1.tgz. Extracting by manifest.
353 silly tarball no local data for accepts@https://registry.npmjs.org/accepts/-/accepts-1.3.8.tgz. Extracting by manifest.
354 silly tarball no local data for express@https://registry.npmjs.org/express/-/express-4.18.2.tgz. Extracting by manifest.
355 silly tarball no local data for ms@https://registry.npmjs.org/ms/-/ms-2.1.3.tgz. Extracting by manifest.
356 http fetch POST 200 https://registry.npmjs.org/-/npm/v1/security/advisories/bulk 673ms
357 timing auditReport:getReport Completed in 677ms
358 silly audit report {}
359 timing auditReport:init Completed in 0ms
360 timing reify:audit Completed in 678ms
361 http fetch GET 200 https://registry.npmjs.org/has-proto/-/has-proto-1.0.1.tgz 1047ms (cache miss)
362 timing reifyNode:node_modules/has-proto Completed in 1178ms
363 http fetch GET 200 https://registry.npmjs.org/forwarded/-/forwarded-0.2.0.tgz 1009ms (cache miss)
364 timing reifyNode:node_modules/forwarded Completed in 1189ms
365 http fetch GET 200 https://registry.npmjs.org/inherits/-/inherits-2.0.4.tgz 954ms (cache miss)
366 timing reifyNode:node_modules/inherits Completed in 1197ms
367 http fetch GET 200 https://registry.npmjs.org/ms/-/ms-2.0.0.tgz 956ms (cache miss)
368 timing reifyNode:node_modules/ms Completed in 1202ms
369 http fetch GET 200 https://registry.npmjs.org/vary/-/vary-1.1.2.tgz 931ms (cache miss)
370 timing reifyNode:node_modules/vary Completed in 1250ms
371 http fetch GET 200 https://registry.npmjs.org/destroy/-/destroy-1.2.0.tgz 994ms (cache miss)
372 timing reifyNode:node_modules/destroy Completed in 1260ms
373 http fetch GET 200 https://registry.npmjs.org/body-parser/-/body-parser-1.20.1.tgz 711ms (cache miss)
374 http fetch GET 200 https://registry.npmjs.org/cookie-signature/-/cookie-signature-1.0.6.tgz 772ms (cache miss)
375 timing reifyNode:node_modules/cookie-signature Completed in 1277ms
376 http fetch GET 200 https://registry.npmjs.org/path-to-regexp/-/path-to-regexp-0.1.7.tgz 890ms (cache miss)
377 timing reifyNode:node_modules/path-to-regexp Completed in 1296ms
378 http fetch GET 200 https://registry.npmjs.org/utils-merge/-/utils-merge-1.0.1.tgz 976ms (cache miss)
379 timing reifyNode:node_modules/utils-merge Completed in 1301ms
380 http fetch GET 200 https://registry.npmjs.org/setprototypeof/-/setprototypeof-1.2.0.tgz 970ms (cache miss)
381 timing reifyNode:node_modules/setprototypeof Completed in 1308ms
382 http fetch GET 200 https://registry.npmjs.org/send/-/send-0.18.0.tgz 963ms (cache miss)
383 timing reifyNode:node_modules/send Completed in 1311ms
384 http fetch GET 200 https://registry.npmjs.org/media-typer/-/media-typer-0.3.0.tgz 1252ms (cache miss)
385 timing reifyNode:node_modules/media-typer Completed in 1324ms
386 http fetch GET 200 https://registry.npmjs.org/ee-first/-/ee-first-1.1.1.tgz 1139ms (cache miss)
387 timing reifyNode:node_modules/ee-first Completed in 1327ms
388 http fetch GET 200 https://registry.npmjs.org/toidentifier/-/toidentifier-1.0.1.tgz 1097ms (cache miss)
389 timing reifyNode:node_modules/toidentifier Completed in 1332ms
390 http fetch GET 200 https://registry.npmjs.org/safe-buffer/-/safe-buffer-5.2.1.tgz 985ms (cache miss)
391 timing reifyNode:node_modules/safe-buffer Completed in 1338ms
392 http fetch GET 200 https://registry.npmjs.org/fresh/-/fresh-0.5.2.tgz 879ms (cache miss)
393 timing reifyNode:node_modules/fresh Completed in 1344ms
394 http fetch GET 200 https://registry.npmjs.org/escape-html/-/escape-html-1.0.3.tgz 865ms (cache miss)
395 timing reifyNode:node_modules/escape-html Completed in 1350ms
396 http fetch GET 200 https://registry.npmjs.org/methods/-/methods-1.1.2.tgz 978ms (cache miss)
397 timing reifyNode:node_modules/methods Completed in 1398ms
398 http fetch GET 200 https://registry.npmjs.org/encodeurl/-/encodeurl-1.0.2.tgz 919ms (cache miss)
399 timing reifyNode:node_modules/encodeurl Completed in 1407ms
400 http fetch GET 200 https://registry.npmjs.org/array-flatten/-/array-flatten-1.1.1.tgz 863ms (cache miss)
401 timing reifyNode:node_modules/array-flatten Completed in 1426ms
402 http fetch GET 200 https://registry.npmjs.org/ms/-/ms-2.1.3.tgz 852ms (cache miss)
403 timing reifyNode:node_modules/send/node_modules/ms Completed in 1434ms
404 http fetch GET 200 https://registry.npmjs.org/type-is/-/type-is-1.6.18.tgz 1111ms (cache miss)
405 timing reifyNode:node_modules/type-is Completed in 1440ms
406 http fetch GET 200 https://registry.npmjs.org/bytes/-/bytes-3.1.2.tgz 1174ms (cache miss)
407 timing reifyNode:node_modules/bytes Completed in 1444ms
408 http fetch GET 200 https://registry.npmjs.org/mime-types/-/mime-types-2.1.35.tgz 1137ms (cache miss)
409 timing reifyNode:node_modules/mime-types Completed in 1450ms
410 http fetch GET 200 https://registry.npmjs.org/range-parser/-/range-parser-1.2.1.tgz 1063ms (cache miss)
411 timing reifyNode:node_modules/range-parser Completed in 1454ms
412 http fetch GET 200 https://registry.npmjs.org/etag/-/etag-1.8.1.tgz 983ms (cache miss)
413 timing reifyNode:node_modules/etag Completed in 1461ms
414 timing reifyNode:node_modules/body-parser Completed in 1460ms
415 http fetch GET 200 https://registry.npmjs.org/on-finished/-/on-finished-2.4.1.tgz 1085ms (cache miss)
416 timing reifyNode:node_modules/on-finished Completed in 1500ms
417 http fetch GET 200 https://registry.npmjs.org/serve-static/-/serve-static-1.15.0.tgz 1166ms (cache miss)
418 timing reifyNode:node_modules/serve-static Completed in 1511ms
419 http fetch GET 200 https://registry.npmjs.org/content-type/-/content-type-1.0.5.tgz 1004ms (cache miss)
420 timing reifyNode:node_modules/content-type Completed in 1518ms
421 http fetch GET 200 https://registry.npmjs.org/gopd/-/gopd-1.0.1.tgz 1451ms (cache miss)
422 timing reifyNode:node_modules/gopd Completed in 1538ms
423 http fetch GET 200 https://registry.npmjs.org/side-channel/-/side-channel-1.0.4.tgz 1375ms (cache miss)
424 timing reifyNode:node_modules/side-channel Completed in 1540ms
425 http fetch GET 200 https://registry.npmjs.org/unpipe/-/unpipe-1.0.0.tgz 1296ms (cache miss)
426 timing reifyNode:node_modules/unpipe Completed in 1548ms
427 http fetch GET 200 https://registry.npmjs.org/proxy-addr/-/proxy-addr-2.0.7.tgz 1149ms (cache miss)
428 timing reifyNode:node_modules/proxy-addr Completed in 1551ms
429 http fetch GET 200 https://registry.npmjs.org/http-errors/-/http-errors-2.0.0.tgz 1126ms (cache miss)
430 timing reifyNode:node_modules/http-errors Completed in 1556ms
431 http fetch GET 200 https://registry.npmjs.org/negotiator/-/negotiator-0.6.3.tgz 1255ms (cache miss)
432 timing reifyNode:node_modules/negotiator Completed in 1564ms
433 http fetch GET 200 https://registry.npmjs.org/statuses/-/statuses-2.0.1.tgz 1235ms (cache miss)
434 timing reifyNode:node_modules/statuses Completed in 1569ms
435 http fetch GET 200 https://registry.npmjs.org/finalhandler/-/finalhandler-1.2.0.tgz 1100ms (cache miss)
436 timing reifyNode:node_modules/finalhandler Completed in 1574ms
437 http fetch GET 200 https://registry.npmjs.org/depd/-/depd-2.0.0.tgz 1083ms (cache miss)
438 timing reifyNode:node_modules/depd Completed in 1578ms
439 http fetch GET 200 https://registry.npmjs.org/raw-body/-/raw-body-2.5.1.tgz 1366ms (cache miss)
440 timing reifyNode:node_modules/raw-body Completed in 1622ms
441 http fetch GET 200 https://registry.npmjs.org/parseurl/-/parseurl-1.3.3.tgz 1219ms (cache miss)
442 timing reifyNode:node_modules/parseurl Completed in 1629ms
443 http fetch GET 200 https://registry.npmjs.org/merge-descriptors/-/merge-descriptors-1.0.1.tgz 1212ms (cache miss)
444 timing reifyNode:node_modules/merge-descriptors Completed in 1637ms
445 http fetch GET 200 https://registry.npmjs.org/content-disposition/-/content-disposition-0.5.4.tgz 1089ms (cache miss)
446 timing reifyNode:node_modules/content-disposition Completed in 1643ms
447 http fetch GET 200 https://registry.npmjs.org/accepts/-/accepts-1.3.8.tgz 1082ms (cache miss)
448 timing reifyNode:node_modules/accepts Completed in 1650ms
449 http fetch GET 200 https://registry.npmjs.org/define-data-property/-/define-data-property-1.1.1.tgz 1574ms (cache miss)
450 timing reifyNode:node_modules/define-data-property Completed in 1671ms
451 http fetch GET 200 https://registry.npmjs.org/cookie/-/cookie-0.5.0.tgz 1164ms (cache miss)
452 timing reifyNode:node_modules/cookie Completed in 1673ms
453 http fetch GET 200 https://registry.npmjs.org/safer-buffer/-/safer-buffer-2.1.2.tgz 1453ms (cache miss)
454 timing reifyNode:node_modules/safer-buffer Completed in 1684ms
455 http fetch GET 200 https://registry.npmjs.org/has-property-descriptors/-/has-property-descriptors-1.0.1.tgz 1612ms (cache miss)
456 timing reifyNode:node_modules/has-property-descriptors Completed in 1690ms
457 http fetch GET 200 https://registry.npmjs.org/hasown/-/hasown-2.0.0.tgz 1595ms (cache miss)
458 timing reifyNode:node_modules/hasown Completed in 1699ms
459 http fetch GET 200 https://registry.npmjs.org/mime/-/mime-1.6.0.tgz 1542ms (cache miss)
460 timing reifyNode:node_modules/mime Completed in 1702ms
461 http fetch GET 200 https://registry.npmjs.org/set-function-length/-/set-function-length-1.2.0.tgz 1573ms (cache miss)
462 timing reifyNode:node_modules/set-function-length Completed in 1708ms
463 http fetch GET 200 https://registry.npmjs.org/ipaddr.js/-/ipaddr.js-1.9.1.tgz 1541ms (cache miss)
464 timing reifyNode:node_modules/ipaddr.js Completed in 1712ms
465 http fetch GET 200 https://registry.npmjs.org/function-bind/-/function-bind-1.1.2.tgz 1587ms (cache miss)
466 timing reifyNode:node_modules/function-bind Completed in 1724ms
467 http fetch GET 200 https://registry.npmjs.org/has-symbols/-/has-symbols-1.0.3.tgz 1647ms (cache miss)
468 timing reifyNode:node_modules/has-symbols Completed in 1759ms
469 http fetch GET 200 https://registry.npmjs.org/get-intrinsic/-/get-intrinsic-1.2.2.tgz 1618ms (cache miss)
470 timing reifyNode:node_modules/get-intrinsic Completed in 1768ms
471 http fetch GET 200 https://registry.npmjs.org/call-bind/-/call-bind-1.0.5.tgz 1619ms (cache miss)
472 timing reifyNode:node_modules/call-bind Completed in 1775ms
473 http fetch GET 200 https://registry.npmjs.org/mime-db/-/mime-db-1.52.0.tgz 1577ms (cache miss)
474 timing reifyNode:node_modules/mime-db Completed in 1799ms
475 http fetch GET 200 https://registry.npmjs.org/debug/-/debug-2.6.9.tgz 1309ms (cache miss)
476 timing reifyNode:node_modules/debug Completed in 1807ms
477 http fetch GET 200 https://registry.npmjs.org/express/-/express-4.18.2.tgz 1244ms (cache miss)
478 timing reifyNode:node_modules/express Completed in 1817ms
479 http fetch GET 200 https://registry.npmjs.org/qs/-/qs-6.11.0.tgz 1431ms (cache miss)
480 timing reifyNode:node_modules/qs Completed in 1826ms
481 http fetch GET 200 https://registry.npmjs.org/object-inspect/-/object-inspect-1.13.1.tgz 1686ms (cache miss)
482 timing reifyNode:node_modules/object-inspect Completed in 1832ms
483 http fetch GET 200 https://registry.npmjs.org/iconv-lite/-/iconv-lite-0.4.24.tgz 1579ms (cache miss)
484 timing reifyNode:node_modules/iconv-lite Completed in 1841ms
485 timing reify:unpack Completed in 1843ms
486 timing reify:unretire Completed in 0ms
487 timing build:queue Completed in 6ms
488 timing build:link:node_modules/mime Completed in 38ms
489 timing build:link Completed in 38ms
490 timing build:deps Completed in 45ms
491 timing build Completed in 45ms
492 timing reify:build Completed in 45ms
493 timing reify:trash Completed in 0ms
494 timing reify:save Completed in 22ms
495 timing reify Completed in 2962ms
496 silly ADD node_modules/media-typer
497 silly ADD node_modules/has-property-descriptors
498 silly ADD node_modules/gopd
499 silly ADD node_modules/define-data-property
500 silly ADD node_modules/hasown
501 silly ADD node_modules/has-symbols
502 silly ADD node_modules/has-proto
503 silly ADD node_modules/set-function-length
504 silly ADD node_modules/function-bind
505 silly ADD node_modules/object-inspect
506 silly ADD node_modules/get-intrinsic
507 silly ADD node_modules/call-bind
508 silly ADD node_modules/mime
509 silly ADD node_modules/side-channel
510 silly ADD node_modules/ipaddr.js
511 silly ADD node_modules/forwarded
512 silly ADD node_modules/ee-first
513 silly ADD node_modules/mime-db
514 silly ADD node_modules/safer-buffer
515 silly ADD node_modules/toidentifier
516 silly ADD node_modules/inherits
517 silly ADD node_modules/ms
518 silly ADD node_modules/unpipe
519 silly ADD node_modules/raw-body
520 silly ADD node_modules/iconv-lite
521 silly ADD node_modules/destroy
522 silly ADD node_modules/bytes
523 silly ADD node_modules/negotiator
524 silly ADD node_modules/mime-types
525 silly ADD node_modules/vary
526 silly ADD node_modules/utils-merge
527 silly ADD node_modules/type-is
528 silly ADD node_modules/statuses
529 silly ADD node_modules/setprototypeof
530 silly ADD node_modules/serve-static
531 silly ADD node_modules/send
532 silly ADD node_modules/send/node_modules/ms
533 silly ADD node_modules/safe-buffer
534 silly ADD node_modules/range-parser
535 silly ADD node_modules/qs
536 silly ADD node_modules/proxy-addr
537 silly ADD node_modules/path-to-regexp
538 silly ADD node_modules/parseurl
539 silly ADD node_modules/on-finished
540 silly ADD node_modules/methods
541 silly ADD node_modules/merge-descriptors
542 silly ADD node_modules/http-errors
543 silly ADD node_modules/fresh
544 silly ADD node_modules/finalhandler
545 silly ADD node_modules/etag
546 silly ADD node_modules/escape-html
547 silly ADD node_modules/encodeurl
548 silly ADD node_modules/depd
549 silly ADD node_modules/debug
550 silly ADD node_modules/cookie-signature
551 silly ADD node_modules/cookie
552 silly ADD node_modules/content-type
553 silly ADD node_modules/content-disposition
554 silly ADD node_modules/body-parser
555 silly ADD node_modules/array-flatten
556 silly ADD node_modules/accepts
557 silly ADD node_modules/express
558 timing command:i Completed in 2971ms
559 notice
559 notice New [31mmajor[39m version of npm available! [31m8.5.5[39m -> [32m10.3.0[39m
559 notice Changelog: [36mhttps://github.com/npm/cli/releases/tag/v10.3.0[39m
559 notice Run [32mnpm install -g npm@10.3.0[39m to update!
559 notice
560 verbose exit 0
561 timing npm Completed in 3238ms
562 info ok
