0 verbose cli [
0 verbose cli   '/home/node/local/node-v16.15.0-linux-x64/bin/node',
0 verbose cli   '/home/node/local/node-v16.15.0-linux-x64/bin/npm',
0 verbose cli   'init',
0 verbose cli   '-y'
0 verbose cli ]
1 info using npm@8.5.5
2 info using node@v16.15.0
3 timing npm:load:whichnode Completed in 1ms
4 timing config:load:defaults Completed in 2ms
5 timing config:load:file:/home/node/local/node-v16.15.0-linux-x64/lib/node_modules/npm/npmrc Completed in 14ms
6 timing config:load:builtin Completed in 14ms
7 timing config:load:cli Completed in 2ms
8 timing config:load:env Completed in 1ms
9 timing config:load:file:/home/node/api/.npmrc Completed in 0ms
10 timing config:load:project Completed in 6ms
11 timing config:load:file:/home/node/.npmrc Completed in 0ms
12 timing config:load:user Completed in 1ms
13 timing config:load:file:/home/node/local/node-v16.15.0-linux-x64/etc/npmrc Completed in 0ms
14 timing config:load:global Completed in 0ms
15 timing config:load:validate Completed in 0ms
16 timing config:load:credentials Completed in 1ms
17 timing config:load:setEnvs Completed in 1ms
18 timing config:load Completed in 29ms
19 timing npm:load:configload Completed in 29ms
20 timing npm:load:setTitle Completed in 0ms
21 timing config:load:flatten Completed in 3ms
22 timing npm:load:display Completed in 5ms
23 verbose logfile /home/node/.npm/_logs/2024-01-22T11_57_23_763Z-debug-0.log
24 timing npm:load:logFile Completed in 6ms
25 timing npm:load:timers Completed in 0ms
26 timing npm:load:configScope Completed in 0ms
27 timing npm:load Completed in 43ms
28 silly package data {
28 silly package data   name: 'api',
28 silly package data   version: '1.0.0',
28 silly package data   description: '',
28 silly package data   main: 'index.js',
28 silly package data   scripts: { test: 'echo "Error: no test specified" && exit 1' },
28 silly package data   keywords: [],
28 silly package data   author: '',
28 silly package data   license: 'ISC'
28 silly package data }
29 info init written successfully
30 timing command:init Completed in 53ms
31 verbose exit 0
32 timing npm Completed in 336ms
33 info ok
